2026-02-12T11:24:52.059242Z 0 [System] [MY-015015] [Server] MySQL Server - start.
2026-02-12T11:24:52.238509Z 0 [Warning] [MY-010097] [Server] Insecure configuration for --secure-file-priv: Current value does not restrict location of generated files. Consider setting it to a valid, non-empty path.
2026-02-12T11:24:52.238595Z 0 [System] [MY-010116] [Server] C:\laragon\bin\mysql\mysql-8.4.3-winx64\bin\mysqld (mysqld 8.4.3) starting as process 11456
2026-02-12T11:24:52.278502Z 1 [System] [MY-013576] [InnoDB] InnoDB initialization has started.
2026-02-12T11:24:53.244225Z 1 [System] [MY-013577] [InnoDB] InnoDB initialization has ended.
2026-02-12T11:24:54.162295Z 0 [Warning] [MY-013829] [Server] Missing data directory for ICU regular expressions: C:\laragon\bin\mysql\mysql-8.4.3-winx64\lib\private\.
2026-02-12T11:24:54.180170Z 0 [Warning] [MY-010068] [Server] CA certificate ca.pem is self signed.
2026-02-12T11:24:54.180640Z 0 [System] [MY-013602] [Server] Channel mysql_main configured to support TLS. Encrypted connections are now supported for this channel.
2026-02-12T11:24:54.440246Z 0 [System] [MY-011323] [Server] X Plugin ready for connections. Bind-address: '::' port: 33060
2026-02-12T11:24:54.440357Z 0 [System] [MY-010931] [Server] C:\laragon\bin\mysql\mysql-8.4.3-winx64\bin\mysqld: ready for connections. Version: '8.4.3'  socket: ''  port: 3306  MySQL Community Server - GPL.
2026-02-12T11:32:12.288432Z 8 [System] [MY-013172] [Server] Received SHUTDOWN from user root. Shutting down mysqld (Version: 8.4.3).
2026-02-12T11:32:12.289035Z 0 [System] [MY-013105] [Server] C:\laragon\bin\mysql\mysql-8.4.3-winx64\bin\mysqld: Normal shutdown.
2026-02-12T11:32:13.597493Z 0 [System] [MY-010910] [Server] C:\laragon\bin\mysql\mysql-8.4.3-winx64\bin\mysqld: Shutdown complete (mysqld 8.4.3)  MySQL Community Server - GPL.
2026-02-12T11:32:13.598015Z 0 [System] [MY-015016] [Server] MySQL Server - end.
2026-02-12T11:32:26.960691Z 0 [System] [MY-015015] [Server] MySQL Server - start.
2026-02-12T11:32:27.062904Z 0 [Warning] [MY-010097] [Server] Insecure configuration for --secure-file-priv: Current value does not restrict location of generated files. Consider setting it to a valid, non-empty path.
2026-02-12T11:32:27.062982Z 0 [System] [MY-010116] [Server] C:\laragon\bin\mysql\mysql-8.4.3-winx64\bin\mysqld (mysqld 8.4.3) starting as process 12220
2026-02-12T11:32:27.103649Z 1 [System] [MY-013576] [InnoDB] InnoDB initialization has started.
2026-02-12T11:32:27.904836Z 1 [System] [MY-013577] [InnoDB] InnoDB initialization has ended.
2026-02-12T11:32:28.406727Z 0 [Warning] [MY-013829] [Server] Missing data directory for ICU regular expressions: C:\laragon\bin\mysql\mysql-8.4.3-winx64\lib\private\.
2026-02-12T11:32:28.423529Z 0 [Warning] [MY-010068] [Server] CA certificate ca.pem is self signed.
2026-02-12T11:32:28.423887Z 0 [System] [MY-013602] [Server] Channel mysql_main configured to support TLS. Encrypted connections are now supported for this channel.
2026-02-12T11:32:28.489738Z 0 [System] [MY-011323] [Server] X Plugin ready for connections. Bind-address: '::' port: 33060
2026-02-12T11:32:28.489844Z 0 [System] [MY-010931] [Server] C:\laragon\bin\mysql\mysql-8.4.3-winx64\bin\mysqld: ready for connections. Version: '8.4.3'  socket: ''  port: 3306  MySQL Community Server - GPL.
2026-02-12T11:46:06.845641Z 0 [System] [MY-015015] [Server] MySQL Server - start.
2026-02-12T11:46:07.081750Z 0 [Warning] [MY-010097] [Server] Insecure configuration for --secure-file-priv: Current value does not restrict location of generated files. Consider setting it to a valid, non-empty path.
2026-02-12T11:46:07.081834Z 0 [System] [MY-010116] [Server] C:\laragon\bin\mysql\mysql-8.4.3-winx64\bin\mysqld (mysqld 8.4.3) starting as process 6720
2026-02-12T11:46:07.141865Z 1 [System] [MY-013576] [InnoDB] InnoDB initialization has started.
2026-02-12T11:46:08.441178Z 1 [System] [MY-013577] [InnoDB] InnoDB initialization has ended.
2026-02-12T11:46:08.827756Z 0 [System] [MY-010229] [Server] Starting XA crash recovery...
2026-02-12T11:46:08.831426Z 0 [System] [MY-010232] [Server] XA crash recovery finished.
2026-02-12T11:46:09.122205Z 0 [Warning] [MY-013829] [Server] Missing data directory for ICU regular expressions: C:\laragon\bin\mysql\mysql-8.4.3-winx64\lib\private\.
2026-02-12T11:46:09.144307Z 0 [Warning] [MY-010068] [Server] CA certificate ca.pem is self signed.
2026-02-12T11:46:09.144686Z 0 [System] [MY-013602] [Server] Channel mysql_main configured to support TLS. Encrypted connections are now supported for this channel.
2026-02-12T11:46:09.447763Z 0 [System] [MY-011323] [Server] X Plugin ready for connections. Bind-address: '::' port: 33060
2026-02-12T11:46:09.447904Z 0 [System] [MY-010931] [Server] C:\laragon\bin\mysql\mysql-8.4.3-winx64\bin\mysqld: ready for connections. Version: '8.4.3'  socket: ''  port: 3306  MySQL Community Server - GPL.
2026-02-12T11:48:45.342951Z 0 [System] [MY-015015] [Server] MySQL Server - start.
2026-02-12T11:48:45.533032Z 0 [Warning] [MY-010097] [Server] Insecure configuration for --secure-file-priv: Current value does not restrict location of generated files. Consider setting it to a valid, non-empty path.
2026-02-12T11:48:45.533172Z 0 [System] [MY-010116] [Server] C:\laragon\bin\mysql\mysql-8.4.3-winx64\bin\mysqld (mysqld 8.4.3) starting as process 14312
2026-02-12T11:48:45.594652Z 1 [System] [MY-013576] [InnoDB] InnoDB initialization has started.
2026-02-12T11:48:45.595792Z 1 [ERROR] [MY-012271] [InnoDB] The innodb_system data file 'ibdata1' must be writable
2026-02-12T11:48:45.596299Z 1 [ERROR] [MY-012278] [InnoDB] The innodb_system data file 'ibdata1' must be writable
2026-02-12T11:48:45.596787Z 1 [ERROR] [MY-010334] [Server] Failed to initialize DD Storage Engine
2026-02-12T11:48:45.597564Z 0 [ERROR] [MY-010020] [Server] Data Dictionary initialization failed.
2026-02-12T11:48:45.597982Z 0 [ERROR] [MY-010119] [Server] Aborting
2026-02-12T11:48:45.601173Z 0 [System] [MY-010910] [Server] C:\laragon\bin\mysql\mysql-8.4.3-winx64\bin\mysqld: Shutdown complete (mysqld 8.4.3)  MySQL Community Server - GPL.
2026-02-12T11:48:45.601812Z 0 [System] [MY-015016] [Server] MySQL Server - end.
2026-02-12T11:49:15.443935Z 8 [System] [MY-013172] [Server] Received SHUTDOWN from user root. Shutting down mysqld (Version: 8.4.3).
2026-02-12T11:49:15.444412Z 0 [System] [MY-013105] [Server] C:\laragon\bin\mysql\mysql-8.4.3-winx64\bin\mysqld: Normal shutdown.
2026-02-12T11:49:16.558613Z 0 [System] [MY-010910] [Server] C:\laragon\bin\mysql\mysql-8.4.3-winx64\bin\mysqld: Shutdown complete (mysqld 8.4.3)  MySQL Community Server - GPL.
2026-02-12T11:49:16.559321Z 0 [System] [MY-015016] [Server] MySQL Server - end.
2026-02-12T11:50:32.574944Z 0 [System] [MY-015015] [Server] MySQL Server - start.
2026-02-12T11:50:32.748820Z 0 [Warning] [MY-010097] [Server] Insecure configuration for --secure-file-priv: Current value does not restrict location of generated files. Consider setting it to a valid, non-empty path.
2026-02-12T11:50:32.748899Z 0 [System] [MY-010116] [Server] C:\laragon\bin\mysql\mysql-8.4.3-winx64\bin\mysqld (mysqld 8.4.3) starting as process 12576
2026-02-12T11:50:32.793063Z 1 [System] [MY-013576] [InnoDB] InnoDB initialization has started.
2026-02-12T11:50:33.635631Z 1 [System] [MY-013577] [InnoDB] InnoDB initialization has ended.
2026-02-12T11:50:34.214837Z 0 [Warning] [MY-013829] [Server] Missing data directory for ICU regular expressions: C:\laragon\bin\mysql\mysql-8.4.3-winx64\lib\private\.
2026-02-12T11:50:34.234699Z 0 [Warning] [MY-010068] [Server] CA certificate ca.pem is self signed.
2026-02-12T11:50:34.235050Z 0 [System] [MY-013602] [Server] Channel mysql_main configured to support TLS. Encrypted connections are now supported for this channel.
2026-02-12T11:50:34.303536Z 0 [System] [MY-011323] [Server] X Plugin ready for connections. Bind-address: '::' port: 33060
2026-02-12T11:50:34.303637Z 0 [System] [MY-010931] [Server] C:\laragon\bin\mysql\mysql-8.4.3-winx64\bin\mysqld: ready for connections. Version: '8.4.3'  socket: ''  port: 3306  MySQL Community Server - GPL.
2026-02-12T11:51:22.620053Z 0 [System] [MY-015015] [Server] MySQL Server - start.
2026-02-12T11:51:22.828388Z 0 [Warning] [MY-010097] [Server] Insecure configuration for --secure-file-priv: Current value does not restrict location of generated files. Consider setting it to a valid, non-empty path.
2026-02-12T11:51:22.828462Z 0 [System] [MY-010116] [Server] C:\laragon\bin\mysql\mysql-8.4.3-winx64\bin\mysqld (mysqld 8.4.3) starting as process 10484
2026-02-12T11:51:22.879994Z 1 [System] [MY-013576] [InnoDB] InnoDB initialization has started.
2026-02-12T11:51:24.090592Z 1 [System] [MY-013577] [InnoDB] InnoDB initialization has ended.
2026-02-12T11:51:24.500663Z 0 [System] [MY-010229] [Server] Starting XA crash recovery...
2026-02-12T11:51:24.504446Z 0 [System] [MY-010232] [Server] XA crash recovery finished.
2026-02-12T11:51:24.812386Z 0 [Warning] [MY-013829] [Server] Missing data directory for ICU regular expressions: C:\laragon\bin\mysql\mysql-8.4.3-winx64\lib\private\.
2026-02-12T11:51:24.833724Z 0 [Warning] [MY-010068] [Server] CA certificate ca.pem is self signed.
2026-02-12T11:51:24.834194Z 0 [System] [MY-013602] [Server] Channel mysql_main configured to support TLS. Encrypted connections are now supported for this channel.
2026-02-12T11:51:25.020759Z 0 [System] [MY-011323] [Server] X Plugin ready for connections. Bind-address: '::' port: 33060
2026-02-12T11:51:25.020824Z 0 [System] [MY-010931] [Server] C:\laragon\bin\mysql\mysql-8.4.3-winx64\bin\mysqld: ready for connections. Version: '8.4.3'  socket: ''  port: 3306  MySQL Community Server - GPL.
2026-02-12T11:57:31.430018Z 0 [System] [MY-015015] [Server] MySQL Server - start.
2026-02-12T11:57:31.685168Z 0 [Warning] [MY-010097] [Server] Insecure configuration for --secure-file-priv: Current value does not restrict location of generated files. Consider setting it to a valid, non-empty path.
2026-02-12T11:57:31.685235Z 0 [System] [MY-010116] [Server] C:\laragon\bin\mysql\mysql-8.4.3-winx64\bin\mysqld (mysqld 8.4.3) starting as process 4192
2026-02-12T11:57:31.737924Z 1 [System] [MY-013576] [InnoDB] InnoDB initialization has started.
2026-02-12T11:57:31.739043Z 1 [ERROR] [MY-012271] [InnoDB] The innodb_system data file 'ibdata1' must be writable
2026-02-12T11:57:31.739510Z 1 [ERROR] [MY-012278] [InnoDB] The innodb_system data file 'ibdata1' must be writable
2026-02-12T11:57:31.739986Z 1 [ERROR] [MY-010334] [Server] Failed to initialize DD Storage Engine
2026-02-12T11:57:31.740744Z 0 [ERROR] [MY-010020] [Server] Data Dictionary initialization failed.
2026-02-12T11:57:31.741166Z 0 [ERROR] [MY-010119] [Server] Aborting
2026-02-12T11:57:31.744247Z 0 [System] [MY-010910] [Server] C:\laragon\bin\mysql\mysql-8.4.3-winx64\bin\mysqld: Shutdown complete (mysqld 8.4.3)  MySQL Community Server - GPL.
2026-02-12T11:57:31.744893Z 0 [System] [MY-015016] [Server] MySQL Server - end.
2026-02-12T12:09:53.545699Z 0 [System] [MY-015015] [Server] MySQL Server - start.
2026-02-12T12:09:53.962757Z 0 [Warning] [MY-010097] [Server] Insecure configuration for --secure-file-priv: Current value does not restrict location of generated files. Consider setting it to a valid, non-empty path.
2026-02-12T12:09:53.965940Z 0 [System] [MY-010116] [Server] C:\laragon\bin\mysql\mysql-8.4.3-winx64\bin\mysqld (mysqld 8.4.3) starting as process 10924
2026-02-12T12:09:54.255161Z 1 [System] [MY-013576] [InnoDB] InnoDB initialization has started.
2026-02-12T12:09:55.962150Z 1 [System] [MY-013577] [InnoDB] InnoDB initialization has ended.
2026-02-12T12:09:56.751594Z 0 [System] [MY-010229] [Server] Starting XA crash recovery...
2026-02-12T12:09:56.757292Z 0 [System] [MY-010232] [Server] XA crash recovery finished.
2026-02-12T12:09:57.020023Z 0 [Warning] [MY-013829] [Server] Missing data directory for ICU regular expressions: C:\laragon\bin\mysql\mysql-8.4.3-winx64\lib\private\.
2026-02-12T12:09:57.144768Z 0 [Warning] [MY-010068] [Server] CA certificate ca.pem is self signed.
2026-02-12T12:09:57.145117Z 0 [System] [MY-013602] [Server] Channel mysql_main configured to support TLS. Encrypted connections are now supported for this channel.
2026-02-12T12:09:57.171414Z 0 [ERROR] [MY-010262] [Server] Can't start server: Bind on TCP/IP port: Обычно разрешается только одно использование адреса сокета (протокол/сетевой адрес/порт). 
2026-02-12T12:09:57.171974Z 0 [ERROR] [MY-010257] [Server] Do you already have another mysqld server running on port: 3306 ?
2026-02-12T12:09:57.172338Z 0 [ERROR] [MY-010119] [Server] Aborting
2026-02-12T12:09:59.472225Z 0 [System] [MY-010910] [Server] C:\laragon\bin\mysql\mysql-8.4.3-winx64\bin\mysqld: Shutdown complete (mysqld 8.4.3)  MySQL Community Server - GPL.
2026-02-12T12:09:59.473079Z 0 [System] [MY-015016] [Server] MySQL Server - end.
2026-02-12T12:32:14.360347Z 0 [System] [MY-015015] [Server] MySQL Server - start.
2026-02-12T12:32:14.554036Z 0 [Warning] [MY-010097] [Server] Insecure configuration for --secure-file-priv: Current value does not restrict location of generated files. Consider setting it to a valid, non-empty path.
2026-02-12T12:32:14.554124Z 0 [System] [MY-010116] [Server] C:\laragon\bin\mysql\mysql-8.4.3-winx64\bin\mysqld (mysqld 8.4.3) starting as process 8848
2026-02-12T12:32:14.671227Z 1 [System] [MY-013576] [InnoDB] InnoDB initialization has started.
2026-02-12T12:32:15.651738Z 1 [System] [MY-013577] [InnoDB] InnoDB initialization has ended.
2026-02-12T12:32:16.250258Z 0 [Warning] [MY-013829] [Server] Missing data directory for ICU regular expressions: C:\laragon\bin\mysql\mysql-8.4.3-winx64\lib\private\.
2026-02-12T12:32:16.304785Z 0 [Warning] [MY-010068] [Server] CA certificate ca.pem is self signed.
2026-02-12T12:32:16.305122Z 0 [System] [MY-013602] [Server] Channel mysql_main configured to support TLS. Encrypted connections are now supported for this channel.
2026-02-12T12:32:16.327200Z 0 [ERROR] [MY-010262] [Server] Can't start server: Bind on TCP/IP port: Обычно разрешается только одно использование адреса сокета (протокол/сетевой адрес/порт). 
2026-02-12T12:32:16.327787Z 0 [ERROR] [MY-010257] [Server] Do you already have another mysqld server running on port: 3306 ?
2026-02-12T12:32:16.328142Z 0 [ERROR] [MY-010119] [Server] Aborting
2026-02-12T12:32:17.494842Z 0 [System] [MY-010910] [Server] C:\laragon\bin\mysql\mysql-8.4.3-winx64\bin\mysqld: Shutdown complete (mysqld 8.4.3)  MySQL Community Server - GPL.
2026-02-12T12:32:17.495378Z 0 [System] [MY-015016] [Server] MySQL Server - end.
2026-02-12T12:32:27.141872Z 0 [System] [MY-015015] [Server] MySQL Server - start.
2026-02-12T12:32:27.373395Z 0 [Warning] [MY-010097] [Server] Insecure configuration for --secure-file-priv: Current value does not restrict location of generated files. Consider setting it to a valid, non-empty path.
2026-02-12T12:32:27.373477Z 0 [System] [MY-010116] [Server] C:\laragon\bin\mysql\mysql-8.4.3-winx64\bin\mysqld (mysqld 8.4.3) starting as process 4360
2026-02-12T12:32:27.436664Z 1 [System] [MY-013576] [InnoDB] InnoDB initialization has started.
2026-02-12T12:32:28.290615Z 1 [System] [MY-013577] [InnoDB] InnoDB initialization has ended.
2026-02-12T12:32:28.884693Z 0 [Warning] [MY-013829] [Server] Missing data directory for ICU regular expressions: C:\laragon\bin\mysql\mysql-8.4.3-winx64\lib\private\.
2026-02-12T12:32:28.902150Z 0 [Warning] [MY-010068] [Server] CA certificate ca.pem is self signed.
2026-02-12T12:32:28.902483Z 0 [System] [MY-013602] [Server] Channel mysql_main configured to support TLS. Encrypted connections are now supported for this channel.
2026-02-12T12:32:28.907040Z 0 [ERROR] [MY-010262] [Server] Can't start server: Bind on TCP/IP port: Обычно разрешается только одно использование адреса сокета (протокол/сетевой адрес/порт). 
2026-02-12T12:32:28.907572Z 0 [ERROR] [MY-010257] [Server] Do you already have another mysqld server running on port: 3306 ?
2026-02-12T12:32:28.907921Z 0 [ERROR] [MY-010119] [Server] Aborting
2026-02-12T12:32:30.089870Z 0 [System] [MY-010910] [Server] C:\laragon\bin\mysql\mysql-8.4.3-winx64\bin\mysqld: Shutdown complete (mysqld 8.4.3)  MySQL Community Server - GPL.
2026-02-12T12:32:30.090510Z 0 [System] [MY-015016] [Server] MySQL Server - end.
2026-02-12T12:36:05.826432Z 0 [System] [MY-015015] [Server] MySQL Server - start.
2026-02-12T12:36:06.301649Z 0 [Warning] [MY-010097] [Server] Insecure configuration for --secure-file-priv: Current value does not restrict location of generated files. Consider setting it to a valid, non-empty path.
2026-02-12T12:36:06.303183Z 0 [System] [MY-010116] [Server] C:\laragon\bin\mysql\mysql-8.4.3-winx64\bin\mysqld (mysqld 8.4.3) starting as process 11192
2026-02-12T12:36:06.597677Z 1 [System] [MY-013576] [InnoDB] InnoDB initialization has started.
2026-02-12T12:36:07.810322Z 1 [System] [MY-013577] [InnoDB] InnoDB initialization has ended.
2026-02-12T12:36:08.522203Z 0 [Warning] [MY-013829] [Server] Missing data directory for ICU regular expressions: C:\laragon\bin\mysql\mysql-8.4.3-winx64\lib\private\.
2026-02-12T12:36:08.650847Z 0 [Warning] [MY-010068] [Server] CA certificate ca.pem is self signed.
2026-02-12T12:36:08.651193Z 0 [System] [MY-013602] [Server] Channel mysql_main configured to support TLS. Encrypted connections are now supported for this channel.
2026-02-12T12:36:08.675257Z 0 [ERROR] [MY-010262] [Server] Can't start server: Bind on TCP/IP port: Обычно разрешается только одно использование адреса сокета (протокол/сетевой адрес/порт). 
2026-02-12T12:36:08.675802Z 0 [ERROR] [MY-010257] [Server] Do you already have another mysqld server running on port: 3306 ?
2026-02-12T12:36:08.676157Z 0 [ERROR] [MY-010119] [Server] Aborting
2026-02-12T12:36:09.789925Z 0 [System] [MY-010910] [Server] C:\laragon\bin\mysql\mysql-8.4.3-winx64\bin\mysqld: Shutdown complete (mysqld 8.4.3)  MySQL Community Server - GPL.
2026-02-12T12:36:09.790659Z 0 [System] [MY-015016] [Server] MySQL Server - end.
2026-02-12T12:40:37.488003Z 0 [System] [MY-015015] [Server] MySQL Server - start.
2026-02-12T12:40:37.592918Z 0 [Warning] [MY-010097] [Server] Insecure configuration for --secure-file-priv: Current value does not restrict location of generated files. Consider setting it to a valid, non-empty path.
2026-02-12T12:40:37.592991Z 0 [System] [MY-010116] [Server] C:\laragon\bin\mysql\mysql-8.4.3-winx64\bin\mysqld (mysqld 8.4.3) starting as process 10980
2026-02-12T12:40:37.636198Z 1 [System] [MY-013576] [InnoDB] InnoDB initialization has started.
2026-02-12T12:40:38.617821Z 1 [System] [MY-013577] [InnoDB] InnoDB initialization has ended.
2026-02-12T12:40:39.029305Z 0 [Warning] [MY-013829] [Server] Missing data directory for ICU regular expressions: C:\laragon\bin\mysql\mysql-8.4.3-winx64\lib\private\.
2026-02-12T12:40:39.052041Z 0 [Warning] [MY-010068] [Server] CA certificate ca.pem is self signed.
2026-02-12T12:40:39.052399Z 0 [System] [MY-013602] [Server] Channel mysql_main configured to support TLS. Encrypted connections are now supported for this channel.
2026-02-12T12:40:39.057067Z 0 [ERROR] [MY-010262] [Server] Can't start server: Bind on TCP/IP port: Обычно разрешается только одно использование адреса сокета (протокол/сетевой адрес/порт). 
2026-02-12T12:40:39.057641Z 0 [ERROR] [MY-010257] [Server] Do you already have another mysqld server running on port: 3306 ?
2026-02-12T12:40:39.058020Z 0 [ERROR] [MY-010119] [Server] Aborting
2026-02-12T12:40:40.257060Z 0 [System] [MY-010910] [Server] C:\laragon\bin\mysql\mysql-8.4.3-winx64\bin\mysqld: Shutdown complete (mysqld 8.4.3)  MySQL Community Server - GPL.
2026-02-12T12:40:40.257782Z 0 [System] [MY-015016] [Server] MySQL Server - end.
2026-02-12T12:43:02.127370Z 0 [System] [MY-015015] [Server] MySQL Server - start.
2026-02-12T12:43:02.369468Z 0 [Warning] [MY-010097] [Server] Insecure configuration for --secure-file-priv: Current value does not restrict location of generated files. Consider setting it to a valid, non-empty path.
2026-02-12T12:43:02.369540Z 0 [System] [MY-010116] [Server] C:\laragon\bin\mysql\mysql-8.4.3-winx64\bin\mysqld (mysqld 8.4.3) starting as process 5652
2026-02-12T12:43:02.406494Z 1 [System] [MY-013576] [InnoDB] InnoDB initialization has started.
2026-02-12T12:43:03.313838Z 1 [System] [MY-013577] [InnoDB] InnoDB initialization has ended.
2026-02-12T12:43:03.724688Z 0 [Warning] [MY-013829] [Server] Missing data directory for ICU regular expressions: C:\laragon\bin\mysql\mysql-8.4.3-winx64\lib\private\.
2026-02-12T12:43:03.741783Z 0 [Warning] [MY-010068] [Server] CA certificate ca.pem is self signed.
2026-02-12T12:43:03.742184Z 0 [System] [MY-013602] [Server] Channel mysql_main configured to support TLS. Encrypted connections are now supported for this channel.
2026-02-12T12:43:03.746933Z 0 [ERROR] [MY-010262] [Server] Can't start server: Bind on TCP/IP port: Обычно разрешается только одно использование адреса сокета (протокол/сетевой адрес/порт). 
2026-02-12T12:43:03.747526Z 0 [ERROR] [MY-010257] [Server] Do you already have another mysqld server running on port: 3306 ?
2026-02-12T12:43:03.747888Z 0 [ERROR] [MY-010119] [Server] Aborting
2026-02-12T12:43:04.971689Z 0 [System] [MY-010910] [Server] C:\laragon\bin\mysql\mysql-8.4.3-winx64\bin\mysqld: Shutdown complete (mysqld 8.4.3)  MySQL Community Server - GPL.
2026-02-12T12:43:04.972227Z 0 [System] [MY-015016] [Server] MySQL Server - end.
2026-02-12T13:20:29.716964Z 0 [System] [MY-015015] [Server] MySQL Server - start.
2026-02-12T13:20:29.986285Z 0 [Warning] [MY-010097] [Server] Insecure configuration for --secure-file-priv: Current value does not restrict location of generated files. Consider setting it to a valid, non-empty path.
2026-02-12T13:20:29.986357Z 0 [System] [MY-010116] [Server] C:\laragon\bin\mysql\mysql-8.4.3-winx64\bin\mysqld (mysqld 8.4.3) starting as process 9916
2026-02-12T13:20:30.011751Z 1 [System] [MY-013576] [InnoDB] InnoDB initialization has started.
2026-02-12T13:20:30.899601Z 1 [System] [MY-013577] [InnoDB] InnoDB initialization has ended.
2026-02-12T13:20:31.301100Z 0 [Warning] [MY-013829] [Server] Missing data directory for ICU regular expressions: C:\laragon\bin\mysql\mysql-8.4.3-winx64\lib\private\.
2026-02-12T13:20:31.316979Z 0 [Warning] [MY-010068] [Server] CA certificate ca.pem is self signed.
2026-02-12T13:20:31.317305Z 0 [System] [MY-013602] [Server] Channel mysql_main configured to support TLS. Encrypted connections are now supported for this channel.
2026-02-12T13:20:31.321517Z 0 [ERROR] [MY-010262] [Server] Can't start server: Bind on TCP/IP port: Обычно разрешается только одно использование адреса сокета (протокол/сетевой адрес/порт). 
2026-02-12T13:20:31.322063Z 0 [ERROR] [MY-010257] [Server] Do you already have another mysqld server running on port: 3306 ?
2026-02-12T13:20:31.322425Z 0 [ERROR] [MY-010119] [Server] Aborting
2026-02-12T13:20:32.519135Z 0 [System] [MY-010910] [Server] C:\laragon\bin\mysql\mysql-8.4.3-winx64\bin\mysqld: Shutdown complete (mysqld 8.4.3)  MySQL Community Server - GPL.
2026-02-12T13:20:32.519661Z 0 [System] [MY-015016] [Server] MySQL Server - end.
